{"/home/runner/work/newapp/newapp/app/javascript/application.js": {"path":"/home/runner/work/newapp/newapp/app/javascript/application.js","statementMap":{},"fnMap":{},"branchMap":{},"s":{},"f":{},"b":{}}
,"/home/runner/work/newapp/newapp/app/javascript/components/App.jsx": {"path":"/home/runner/work/newapp/newapp/app/javascript/components/App.jsx","statementMap":{"0":{"start":{"line":4,"column":24},"end":{"line":4,"column":37}}},"fnMap":{"0":{"name":"(anonymous_0)","decl":{"start":{"line":4,"column":15},"end":{"line":4,"column":16}},"loc":{"start":{"line":4,"column":24},"end":{"line":4,"column":37}},"line":4}},"branchMap":{},"s":{"0":0},"f":{"0":0},"b":{}}
,"/home/runner/work/newapp/newapp/app/javascript/components/Home.jsx": {"path":"/home/runner/work/newapp/newapp/app/javascript/components/Home.jsx","statementMap":{"0":{"start":{"line":6,"column":2},"end":{"line":34,"column":8}}},"fnMap":{"0":{"name":"(anonymous_0)","decl":{"start":{"line":5,"column":15},"end":{"line":5,"column":16}},"loc":{"start":{"line":6,"column":2},"end":{"line":34,"column":8}},"line":6}},"branchMap":{},"s":{"0":3},"f":{"0":3},"b":{},"_coverageSchema":"1a1c01bbd47fc00a2c39e90264f33305004495a9","hash":"d0ba1d0178a16861185b6c43a265b0bf10f0ecd7"}
,"/home/runner/work/newapp/newapp/app/javascript/components/tests/TestCaseDetails.jsx": {"path":"/home/runner/work/newapp/newapp/app/javascript/components/tests/TestCaseDetails.jsx","statementMap":{"0":{"start":{"line":5,"column":24},"end":{"line":201,"column":1}},"1":{"start":{"line":6,"column":50},"end":{"line":6,"column":64}},"2":{"start":{"line":7,"column":50},"end":{"line":7,"column":65}},"3":{"start":{"line":9,"column":25},"end":{"line":12,"column":3}},"4":{"start":{"line":10,"column":4},"end":{"line":10,"column":33}},"5":{"start":{"line":10,"column":18},"end":{"line":10,"column":33}},"6":{"start":{"line":11,"column":4},"end":{"line":11,"column":36}},"7":{"start":{"line":14,"column":25},"end":{"line":32,"column":3}},"8":{"start":{"line":15,"column":25},"end":{"line":21,"column":5}},"9":{"start":{"line":23,"column":19},"end":{"line":23,"column":63}},"10":{"start":{"line":24,"column":17},"end":{"line":24,"column":28}},"11":{"start":{"line":26,"column":4},"end":{"line":31,"column":6}},"12":{"start":{"line":34,"column":28},"end":{"line":37,"column":3}},"13":{"start":{"line":35,"column":4},"end":{"line":35,"column":34}},"14":{"start":{"line":36,"column":4},"end":{"line":36,"column":30}},"15":{"start":{"line":39,"column":26},"end":{"line":53,"column":3}},"16":{"start":{"line":40,"column":19},"end":{"line":46,"column":5}},"17":{"start":{"line":48,"column":4},"end":{"line":50,"column":7}},"18":{"start":{"line":49,"column":6},"end":{"line":49,"column":67}},"19":{"start":{"line":52,"column":4},"end":{"line":52,"column":18}},"20":{"start":{"line":55,"column":23},"end":{"line":55,"column":40}},"21":{"start":{"line":57,"column":2},"end":{"line":200,"column":4}},"22":{"start":{"line":108,"column":18},"end":{"line":143,"column":30}},"23":{"start":{"line":136,"column":41},"end":{"line":136,"column":68}},"24":{"start":{"line":152,"column":52},"end":{"line":152,"column":78}},"25":{"start":{"line":194,"column":46},"end":{"line":194,"column":72}}},"fnMap":{"0":{"name":"(anonymous_0)","decl":{"start":{"line":5,"column":24},"end":{"line":5,"column":25}},"loc":{"start":{"line":5,"column":54},"end":{"line":201,"column":1}},"line":5},"1":{"name":"(anonymous_1)","decl":{"start":{"line":9,"column":25},"end":{"line":9,"column":26}},"loc":{"start":{"line":9,"column":38},"end":{"line":12,"column":3}},"line":9},"2":{"name":"(anonymous_2)","decl":{"start":{"line":14,"column":25},"end":{"line":14,"column":26}},"loc":{"start":{"line":14,"column":37},"end":{"line":32,"column":3}},"line":14},"3":{"name":"(anonymous_3)","decl":{"start":{"line":34,"column":28},"end":{"line":34,"column":29}},"loc":{"start":{"line":34,"column":42},"end":{"line":37,"column":3}},"line":34},"4":{"name":"(anonymous_4)","decl":{"start":{"line":39,"column":26},"end":{"line":39,"column":27}},"loc":{"start":{"line":39,"column":32},"end":{"line":53,"column":3}},"line":39},"5":{"name":"(anonymous_5)","decl":{"start":{"line":48,"column":22},"end":{"line":48,"column":23}},"loc":{"start":{"line":48,"column":34},"end":{"line":50,"column":5}},"line":48},"6":{"name":"(anonymous_6)","decl":{"start":{"line":107,"column":31},"end":{"line":107,"column":32}},"loc":{"start":{"line":108,"column":18},"end":{"line":143,"column":30}},"line":108},"7":{"name":"(anonymous_7)","decl":{"start":{"line":136,"column":35},"end":{"line":136,"column":36}},"loc":{"start":{"line":136,"column":41},"end":{"line":136,"column":68}},"line":136},"8":{"name":"(anonymous_8)","decl":{"start":{"line":152,"column":46},"end":{"line":152,"column":47}},"loc":{"start":{"line":152,"column":52},"end":{"line":152,"column":78}},"line":152},"9":{"name":"(anonymous_9)","decl":{"start":{"line":194,"column":40},"end":{"line":194,"column":41}},"loc":{"start":{"line":194,"column":46},"end":{"line":194,"column":72}},"line":194}},"branchMap":{"0":{"loc":{"start":{"line":10,"column":4},"end":{"line":10,"column":33}},"type":"if","locations":[{"start":{"line":10,"column":4},"end":{"line":10,"column":33}},{"start":{},"end":{}}],"line":10},"1":{"loc":{"start":{"line":23,"column":19},"end":{"line":23,"column":63}},"type":"binary-expr","locations":[{"start":{"line":23,"column":19},"end":{"line":23,"column":39}},{"start":{"line":23,"column":43},"end":{"line":23,"column":63}}],"line":23},"2":{"loc":{"start":{"line":49,"column":33},"end":{"line":49,"column":61}},"type":"binary-expr","locations":[{"start":{"line":49,"column":33},"end":{"line":49,"column":56}},{"start":{"line":49,"column":60},"end":{"line":49,"column":61}}],"line":49},"3":{"loc":{"start":{"line":125,"column":23},"end":{"line":129,"column":23}},"type":"binary-expr","locations":[{"start":{"line":125,"column":23},"end":{"line":125,"column":42}},{"start":{"line":126,"column":24},"end":{"line":128,"column":32}}],"line":125},"4":{"loc":{"start":{"line":132,"column":23},"end":{"line":141,"column":23}},"type":"binary-expr","locations":[{"start":{"line":132,"column":24},"end":{"line":132,"column":52}},{"start":{"line":132,"column":56},"end":{"line":132,"column":83}},{"start":{"line":132,"column":88},"end":{"line":132,"column":112}},{"start":{"line":133,"column":24},"end":{"line":140,"column":33}}],"line":132},"5":{"loc":{"start":{"line":157,"column":11},"end":{"line":191,"column":11}},"type":"binary-expr","locations":[{"start":{"line":157,"column":11},"end":{"line":157,"column":27}},{"start":{"line":158,"column":12},"end":{"line":190,"column":18}}],"line":157},"6":{"loc":{"start":{"line":173,"column":72},"end":{"line":173,"column":108}},"type":"binary-expr","locations":[{"start":{"line":173,"column":72},"end":{"line":173,"column":99}},{"start":{"line":173,"column":103},"end":{"line":173,"column":108}}],"line":173},"7":{"loc":{"start":{"line":179,"column":15},"end":{"line":189,"column":15}},"type":"binary-expr","locations":[{"start":{"line":179,"column":15},"end":{"line":179,"column":47}},{"start":{"line":180,"column":16},"end":{"line":188,"column":22}}],"line":179}},"s":{"0":0,"1":0,"2":0,"3":0,"4":0,"5":0,"6":0,"7":0,"8":0,"9":0,"10":0,"11":0,"12":0,"13":0,"14":0,"15":0,"16":0,"17":0,"18":0,"19":0,"20":0,"21":0,"22":0,"23":0,"24":0,"25":0},"f":{"0":0,"1":0,"2":0,"3":0,"4":0,"5":0,"6":0,"7":0,"8":0,"9":0},"b":{"0":[0,0],"1":[0,0],"2":[0,0],"3":[0,0],"4":[0,0,0,0],"5":[0,0],"6":[0,0],"7":[0,0]}}
,"/home/runner/work/newapp/newapp/app/javascript/components/tests/TestDashboard.jsx": {"path":"/home/runner/work/newapp/newapp/app/javascript/components/tests/TestDashboard.jsx","statementMap":{"0":{"start":{"line":8,"column":22},"end":{"line":107,"column":1}},"1":{"start":{"line":9,"column":38},"end":{"line":9,"column":50}},"2":{"start":{"line":10,"column":38},"end":{"line":10,"column":52}},"3":{"start":{"line":11,"column":32},"end":{"line":11,"column":46}},"4":{"start":{"line":12,"column":38},"end":{"line":12,"column":53}},"5":{"start":{"line":14,"column":20},"end":{"line":33,"column":3}},"6":{"start":{"line":15,"column":4},"end":{"line":32,"column":5}},"7":{"start":{"line":16,"column":46},"end":{"line":19,"column":8}},"8":{"start":{"line":21,"column":6},"end":{"line":24,"column":7}},"9":{"start":{"line":22,"column":27},"end":{"line":22,"column":54}},"10":{"start":{"line":23,"column":8},"end":{"line":23,"column":34}},"11":{"start":{"line":26,"column":6},"end":{"line":29,"column":7}},"12":{"start":{"line":27,"column":26},"end":{"line":27,"column":52}},"13":{"start":{"line":28,"column":8},"end":{"line":28,"column":33}},"14":{"start":{"line":31,"column":6},"end":{"line":31,"column":57}},"15":{"start":{"line":35,"column":24},"end":{"line":39,"column":3}},"16":{"start":{"line":36,"column":4},"end":{"line":36,"column":24}},"17":{"start":{"line":37,"column":4},"end":{"line":37,"column":22}},"18":{"start":{"line":38,"column":4},"end":{"line":38,"column":25}},"19":{"start":{"line":41,"column":30},"end":{"line":44,"column":3}},"20":{"start":{"line":43,"column":4},"end":{"line":43,"column":20}},"21":{"start":{"line":46,"column":23},"end":{"line":50,"column":3}},"22":{"start":{"line":47,"column":4},"end":{"line":47,"column":77}},"23":{"start":{"line":47,"column":26},"end":{"line":47,"column":75}},"24":{"start":{"line":47,"column":47},"end":{"line":47,"column":74}},"25":{"start":{"line":49,"column":4},"end":{"line":49,"column":20}},"26":{"start":{"line":52,"column":2},"end":{"line":59,"column":9}},"27":{"start":{"line":53,"column":27},"end":{"line":56,"column":5}},"28":{"start":{"line":54,"column":6},"end":{"line":54,"column":24}},"29":{"start":{"line":55,"column":6},"end":{"line":55,"column":24}},"30":{"start":{"line":58,"column":4},"end":{"line":58,"column":21}},"31":{"start":{"line":61,"column":2},"end":{"line":68,"column":3}},"32":{"start":{"line":62,"column":4},"end":{"line":67,"column":6}},"33":{"start":{"line":70,"column":2},"end":{"line":106,"column":4}}},"fnMap":{"0":{"name":"(anonymous_0)","decl":{"start":{"line":8,"column":22},"end":{"line":8,"column":23}},"loc":{"start":{"line":8,"column":28},"end":{"line":107,"column":1}},"line":8},"1":{"name":"(anonymous_1)","decl":{"start":{"line":14,"column":20},"end":{"line":14,"column":21}},"loc":{"start":{"line":14,"column":32},"end":{"line":33,"column":3}},"line":14},"2":{"name":"(anonymous_2)","decl":{"start":{"line":35,"column":24},"end":{"line":35,"column":25}},"loc":{"start":{"line":35,"column":36},"end":{"line":39,"column":3}},"line":35},"3":{"name":"(anonymous_3)","decl":{"start":{"line":41,"column":30},"end":{"line":41,"column":31}},"loc":{"start":{"line":41,"column":49},"end":{"line":44,"column":3}},"line":41},"4":{"name":"(anonymous_4)","decl":{"start":{"line":46,"column":23},"end":{"line":46,"column":24}},"loc":{"start":{"line":46,"column":43},"end":{"line":50,"column":3}},"line":46},"5":{"name":"(anonymous_5)","decl":{"start":{"line":47,"column":18},"end":{"line":47,"column":19}},"loc":{"start":{"line":47,"column":26},"end":{"line":47,"column":75}},"line":47},"6":{"name":"(anonymous_6)","decl":{"start":{"line":47,"column":38},"end":{"line":47,"column":39}},"loc":{"start":{"line":47,"column":47},"end":{"line":47,"column":74}},"line":47},"7":{"name":"(anonymous_7)","decl":{"start":{"line":52,"column":12},"end":{"line":52,"column":13}},"loc":{"start":{"line":52,"column":18},"end":{"line":59,"column":3}},"line":52},"8":{"name":"(anonymous_8)","decl":{"start":{"line":53,"column":27},"end":{"line":53,"column":28}},"loc":{"start":{"line":53,"column":39},"end":{"line":56,"column":5}},"line":53}},"branchMap":{"0":{"loc":{"start":{"line":21,"column":6},"end":{"line":24,"column":7}},"type":"if","locations":[{"start":{"line":21,"column":6},"end":{"line":24,"column":7}},{"start":{},"end":{}}],"line":21},"1":{"loc":{"start":{"line":26,"column":6},"end":{"line":29,"column":7}},"type":"if","locations":[{"start":{"line":26,"column":6},"end":{"line":29,"column":7}},{"start":{},"end":{}}],"line":26},"2":{"loc":{"start":{"line":61,"column":2},"end":{"line":68,"column":3}},"type":"if","locations":[{"start":{"line":61,"column":2},"end":{"line":68,"column":3}},{"start":{},"end":{}}],"line":61},"3":{"loc":{"start":{"line":79,"column":11},"end":{"line":89,"column":11}},"type":"cond-expr","locations":[{"start":{"line":80,"column":12},"end":{"line":83,"column":15}},{"start":{"line":85,"column":12},"end":{"line":88,"column":15}}],"line":79},"4":{"loc":{"start":{"line":97,"column":7},"end":{"line":97,"column":63}},"type":"binary-expr","locations":[{"start":{"line":97,"column":7},"end":{"line":97,"column":17}},{"start":{"line":97,"column":21},"end":{"line":97,"column":63}}],"line":97}},"s":{"0":1,"1":6,"2":6,"3":6,"4":6,"5":6,"6":4,"7":4,"8":3,"9":3,"10":3,"11":3,"12":3,"13":3,"14":0,"15":6,"16":1,"17":1,"18":1,"19":6,"20":0,"21":6,"22":0,"23":0,"24":0,"25":0,"26":6,"27":3,"28":3,"29":2,"30":3,"31":6,"32":3,"33":3},"f":{"0":6,"1":4,"2":1,"3":0,"4":0,"5":0,"6":0,"7":3,"8":3},"b":{"0":[3,0],"1":[3,0],"2":[3,3],"3":[1,2],"4":[3,3]},"_coverageSchema":"1a1c01bbd47fc00a2c39e90264f33305004495a9","hash":"73f02800af7d5e2b93a38982338621594e0c17d2"}
,"/home/runner/work/newapp/newapp/app/javascript/components/tests/TestImport.jsx": {"path":"/home/runner/work/newapp/newapp/app/javascript/components/tests/TestImport.jsx","statementMap":{"0":{"start":{"line":5,"column":19},"end":{"line":122,"column":1}},"1":{"start":{"line":6,"column":26},"end":{"line":6,"column":40}},"2":{"start":{"line":7,"column":32},"end":{"line":7,"column":47}},"3":{"start":{"line":8,"column":32},"end":{"line":8,"column":46}},"4":{"start":{"line":9,"column":40},"end":{"line":9,"column":56}},"5":{"start":{"line":11,"column":27},"end":{"line":15,"column":3}},"6":{"start":{"line":12,"column":25},"end":{"line":12,"column":46}},"7":{"start":{"line":13,"column":4},"end":{"line":13,"column":26}},"8":{"start":{"line":14,"column":4},"end":{"line":14,"column":21}},"9":{"start":{"line":17,"column":23},"end":{"line":62,"column":3}},"10":{"start":{"line":18,"column":4},"end":{"line":22,"column":5}},"11":{"start":{"line":19,"column":6},"end":{"line":19,"column":51}},"12":{"start":{"line":20,"column":6},"end":{"line":20,"column":32}},"13":{"start":{"line":21,"column":6},"end":{"line":21,"column":13}},"14":{"start":{"line":24,"column":4},"end":{"line":24,"column":21}},"15":{"start":{"line":25,"column":4},"end":{"line":25,"column":21}},"16":{"start":{"line":27,"column":21},"end":{"line":27,"column":35}},"17":{"start":{"line":28,"column":4},"end":{"line":28,"column":38}},"18":{"start":{"line":30,"column":4},"end":{"line":61,"column":5}},"19":{"start":{"line":31,"column":23},"end":{"line":37,"column":8}},"20":{"start":{"line":39,"column":19},"end":{"line":39,"column":40}},"21":{"start":{"line":41,"column":6},"end":{"line":55,"column":7}},"22":{"start":{"line":42,"column":8},"end":{"line":42,"column":33}},"23":{"start":{"line":43,"column":8},"end":{"line":43,"column":34}},"24":{"start":{"line":44,"column":8},"end":{"line":44,"column":22}},"25":{"start":{"line":46,"column":26},"end":{"line":46,"column":70}},"26":{"start":{"line":47,"column":8},"end":{"line":47,"column":44}},"27":{"start":{"line":47,"column":23},"end":{"line":47,"column":44}},"28":{"start":{"line":49,"column":8},"end":{"line":51,"column":9}},"29":{"start":{"line":50,"column":10},"end":{"line":50,"column":44}},"30":{"start":{"line":53,"column":8},"end":{"line":53,"column":50}},"31":{"start":{"line":54,"column":8},"end":{"line":54,"column":34}},"32":{"start":{"line":57,"column":6},"end":{"line":57,"column":60}},"33":{"start":{"line":58,"column":6},"end":{"line":58,"column":32}},"34":{"start":{"line":60,"column":6},"end":{"line":60,"column":24}},"35":{"start":{"line":64,"column":2},"end":{"line":121,"column":4}}},"fnMap":{"0":{"name":"(anonymous_0)","decl":{"start":{"line":5,"column":19},"end":{"line":5,"column":20}},"loc":{"start":{"line":5,"column":44},"end":{"line":122,"column":1}},"line":5},"1":{"name":"(anonymous_1)","decl":{"start":{"line":11,"column":27},"end":{"line":11,"column":28}},"loc":{"start":{"line":11,"column":38},"end":{"line":15,"column":3}},"line":11},"2":{"name":"(anonymous_2)","decl":{"start":{"line":17,"column":23},"end":{"line":17,"column":24}},"loc":{"start":{"line":17,"column":35},"end":{"line":62,"column":3}},"line":17}},"branchMap":{"0":{"loc":{"start":{"line":18,"column":4},"end":{"line":22,"column":5}},"type":"if","locations":[{"start":{"line":18,"column":4},"end":{"line":22,"column":5}},{"start":{},"end":{}}],"line":18},"1":{"loc":{"start":{"line":35,"column":26},"end":{"line":35,"column":90}},"type":"binary-expr","locations":[{"start":{"line":35,"column":26},"end":{"line":35,"column":84}},{"start":{"line":35,"column":88},"end":{"line":35,"column":90}}],"line":35},"2":{"loc":{"start":{"line":41,"column":6},"end":{"line":55,"column":7}},"type":"if","locations":[{"start":{"line":41,"column":6},"end":{"line":55,"column":7}},{"start":{"line":52,"column":13},"end":{"line":55,"column":7}}],"line":41},"3":{"loc":{"start":{"line":47,"column":8},"end":{"line":47,"column":44}},"type":"if","locations":[{"start":{"line":47,"column":8},"end":{"line":47,"column":44}},{"start":{},"end":{}}],"line":47},"4":{"loc":{"start":{"line":49,"column":8},"end":{"line":51,"column":9}},"type":"if","locations":[{"start":{"line":49,"column":8},"end":{"line":51,"column":9}},{"start":{},"end":{}}],"line":49},"5":{"loc":{"start":{"line":53,"column":19},"end":{"line":53,"column":48}},"type":"binary-expr","locations":[{"start":{"line":53,"column":19},"end":{"line":53,"column":29}},{"start":{"line":53,"column":33},"end":{"line":53,"column":48}}],"line":53},"6":{"loc":{"start":{"line":87,"column":11},"end":{"line":98,"column":11}},"type":"binary-expr","locations":[{"start":{"line":87,"column":11},"end":{"line":87,"column":18}},{"start":{"line":88,"column":12},"end":{"line":97,"column":20}}],"line":87},"7":{"loc":{"start":{"line":90,"column":17},"end":{"line":94,"column":17}},"type":"cond-expr","locations":[{"start":{"line":91,"column":18},"end":{"line":91,"column":52}},{"start":{"line":93,"column":18},"end":{"line":93,"column":58}}],"line":90},"8":{"loc":{"start":{"line":102,"column":22},"end":{"line":102,"column":38}},"type":"binary-expr","locations":[{"start":{"line":102,"column":22},"end":{"line":102,"column":27}},{"start":{"line":102,"column":31},"end":{"line":102,"column":38}}],"line":102},"9":{"loc":{"start":{"line":106,"column":13},"end":{"line":116,"column":13}},"type":"cond-expr","locations":[{"start":{"line":107,"column":14},"end":{"line":110,"column":17}},{"start":{"line":112,"column":14},"end":{"line":115,"column":17}}],"line":106}},"s":{"0":1,"1":15,"2":15,"3":15,"4":15,"5":15,"6":4,"7":4,"8":4,"9":15,"10":3,"11":0,"12":0,"13":0,"14":3,"15":3,"16":3,"17":3,"18":3,"19":3,"20":2,"21":2,"22":1,"23":1,"24":1,"25":1,"26":1,"27":1,"28":1,"29":1,"30":1,"31":1,"32":0,"33":0,"34":2,"35":15},"f":{"0":15,"1":4,"2":3},"b":{"0":[0,3],"1":[3,0],"2":[1,1],"3":[1,0],"4":[1,0],"5":[1,0],"6":[15,2],"7":[1,1],"8":[15,8],"9":[3,12]},"_coverageSchema":"1a1c01bbd47fc00a2c39e90264f33305004495a9","hash":"259651d63d5b380217b887f04896af8368cc8d2e"}
,"/home/runner/work/newapp/newapp/app/javascript/components/tests/TestStatistics.jsx": {"path":"/home/runner/work/newapp/newapp/app/javascript/components/tests/TestStatistics.jsx","statementMap":{"0":{"start":{"line":16,"column":0},"end":{"line":24,"column":2}},"1":{"start":{"line":26,"column":23},"end":{"line":167,"column":1}},"2":{"start":{"line":27,"column":2},"end":{"line":27,"column":31}},"3":{"start":{"line":27,"column":19},"end":{"line":27,"column":31}},"4":{"start":{"line":36,"column":6},"end":{"line":36,"column":16}},"5":{"start":{"line":39,"column":23},"end":{"line":57,"column":3}},"6":{"start":{"line":59,"column":26},"end":{"line":70,"column":3}},"7":{"start":{"line":73,"column":23},"end":{"line":73,"column":53}},"8":{"start":{"line":74,"column":18},"end":{"line":93,"column":3}},"9":{"start":{"line":75,"column":38},"end":{"line":75,"column":73}},"10":{"start":{"line":79,"column":40},"end":{"line":79,"column":58}},"11":{"start":{"line":84,"column":40},"end":{"line":84,"column":58}},"12":{"start":{"line":89,"column":40},"end":{"line":89,"column":59}},"13":{"start":{"line":95,"column":21},"end":{"line":114,"column":3}},"14":{"start":{"line":116,"column":2},"end":{"line":166,"column":4}}},"fnMap":{"0":{"name":"(anonymous_0)","decl":{"start":{"line":26,"column":23},"end":{"line":26,"column":24}},"loc":{"start":{"line":26,"column":43},"end":{"line":167,"column":1}},"line":26},"1":{"name":"(anonymous_1)","decl":{"start":{"line":75,"column":29},"end":{"line":75,"column":30}},"loc":{"start":{"line":75,"column":38},"end":{"line":75,"column":73}},"line":75},"2":{"name":"(anonymous_2)","decl":{"start":{"line":79,"column":31},"end":{"line":79,"column":32}},"loc":{"start":{"line":79,"column":40},"end":{"line":79,"column":58}},"line":79},"3":{"name":"(anonymous_3)","decl":{"start":{"line":84,"column":31},"end":{"line":84,"column":32}},"loc":{"start":{"line":84,"column":40},"end":{"line":84,"column":58}},"line":84},"4":{"name":"(anonymous_4)","decl":{"start":{"line":89,"column":31},"end":{"line":89,"column":32}},"loc":{"start":{"line":89,"column":40},"end":{"line":89,"column":59}},"line":89}},"branchMap":{"0":{"loc":{"start":{"line":27,"column":2},"end":{"line":27,"column":31}},"type":"if","locations":[{"start":{"line":27,"column":2},"end":{"line":27,"column":31}},{"start":{},"end":{}}],"line":27},"1":{"loc":{"start":{"line":73,"column":23},"end":{"line":73,"column":53}},"type":"binary-expr","locations":[{"start":{"line":73,"column":23},"end":{"line":73,"column":47}},{"start":{"line":73,"column":51},"end":{"line":73,"column":53}}],"line":73},"2":{"loc":{"start":{"line":148,"column":7},"end":{"line":164,"column":7}},"type":"binary-expr","locations":[{"start":{"line":148,"column":7},"end":{"line":148,"column":22}},{"start":{"line":149,"column":8},"end":{"line":163,"column":11}}],"line":148},"3":{"loc":{"start":{"line":156,"column":11},"end":{"line":162,"column":11}},"type":"binary-expr","locations":[{"start":{"line":156,"column":11},"end":{"line":156,"column":34}},{"start":{"line":157,"column":12},"end":{"line":161,"column":19}}],"line":156}},"s":{"0":1,"1":1,"2":5,"3":1,"4":4,"5":4,"6":4,"7":4,"8":4,"9":6,"10":6,"11":6,"12":6,"13":4,"14":4},"f":{"0":5,"1":6,"2":6,"3":6,"4":6},"b":{"0":[1,4],"1":[4,0],"2":[4,3],"3":[3,2]},"_coverageSchema":"1a1c01bbd47fc00a2c39e90264f33305004495a9","hash":"e1306166afae1ec66e2c8ae84fa4c506aa093279"}
,"/home/runner/work/newapp/newapp/app/javascript/components/tests/TestSuitesList.jsx": {"path":"/home/runner/work/newapp/newapp/app/javascript/components/tests/TestSuitesList.jsx","statementMap":{"0":{"start":{"line":6,"column":23},"end":{"line":197,"column":1}},"1":{"start":{"line":7,"column":44},"end":{"line":7,"column":58}},"2":{"start":{"line":8,"column":50},"end":{"line":8,"column":65}},"3":{"start":{"line":9,"column":48},"end":{"line":9,"column":63}},"4":{"start":{"line":10,"column":44},"end":{"line":10,"column":58}},"5":{"start":{"line":12,"column":25},"end":{"line":18,"column":3}},"6":{"start":{"line":13,"column":4},"end":{"line":13,"column":30}},"7":{"start":{"line":13,"column":18},"end":{"line":13,"column":30}},"8":{"start":{"line":14,"column":4},"end":{"line":14,"column":54}},"9":{"start":{"line":14,"column":22},"end":{"line":14,"column":54}},"10":{"start":{"line":15,"column":20},"end":{"line":15,"column":44}},"11":{"start":{"line":16,"column":29},"end":{"line":16,"column":41}},"12":{"start":{"line":17,"column":4},"end":{"line":17,"column":57}},"13":{"start":{"line":20,"column":25},"end":{"line":28,"column":3}},"14":{"start":{"line":21,"column":4},"end":{"line":27,"column":5}},"15":{"start":{"line":22,"column":6},"end":{"line":22,"column":51}},"16":{"start":{"line":23,"column":11},"end":{"line":27,"column":5}},"17":{"start":{"line":24,"column":6},"end":{"line":24,"column":52}},"18":{"start":{"line":26,"column":6},"end":{"line":26,"column":51}},"19":{"start":{"line":30,"column":28},"end":{"line":39,"column":3}},"20":{"start":{"line":31,"column":4},"end":{"line":38,"column":5}},"21":{"start":{"line":32,"column":23},"end":{"line":32,"column":56}},"22":{"start":{"line":33,"column":19},"end":{"line":33,"column":40}},"23":{"start":{"line":34,"column":6},"end":{"line":34,"column":29}},"24":{"start":{"line":35,"column":6},"end":{"line":35,"column":32}},"25":{"start":{"line":37,"column":6},"end":{"line":37,"column":60}},"26":{"start":{"line":41,"column":28},"end":{"line":44,"column":3}},"27":{"start":{"line":42,"column":4},"end":{"line":42,"column":28}},"28":{"start":{"line":43,"column":4},"end":{"line":43,"column":29}},"29":{"start":{"line":46,"column":30},"end":{"line":66,"column":3}},"30":{"start":{"line":47,"column":4},"end":{"line":47,"column":31}},"31":{"start":{"line":47,"column":24},"end":{"line":47,"column":31}},"32":{"start":{"line":49,"column":4},"end":{"line":65,"column":5}},"33":{"start":{"line":50,"column":23},"end":{"line":55,"column":8}},"34":{"start":{"line":57,"column":6},"end":{"line":62,"column":7}},"35":{"start":{"line":58,"column":8},"end":{"line":58,"column":47}},"36":{"start":{"line":59,"column":8},"end":{"line":59,"column":34}},"37":{"start":{"line":60,"column":8},"end":{"line":60,"column":31}},"38":{"start":{"line":61,"column":8},"end":{"line":61,"column":33}},"39":{"start":{"line":64,"column":6},"end":{"line":64,"column":59}},"40":{"start":{"line":68,"column":2},"end":{"line":76,"column":3}},"41":{"start":{"line":69,"column":4},"end":{"line":75,"column":6}},"42":{"start":{"line":78,"column":2},"end":{"line":196,"column":4}},"43":{"start":{"line":97,"column":18},"end":{"line":149,"column":30}},"44":{"start":{"line":134,"column":41},"end":{"line":134,"column":65}},"45":{"start":{"line":142,"column":41},"end":{"line":142,"column":65}},"46":{"start":{"line":158,"column":52},"end":{"line":158,"column":78}},"47":{"start":{"line":171,"column":46},"end":{"line":171,"column":72}},"48":{"start":{"line":178,"column":51},"end":{"line":178,"column":76}},"49":{"start":{"line":190,"column":46},"end":{"line":190,"column":71}}},"fnMap":{"0":{"name":"(anonymous_0)","decl":{"start":{"line":6,"column":23},"end":{"line":6,"column":24}},"loc":{"start":{"line":6,"column":64},"end":{"line":197,"column":1}},"line":6},"1":{"name":"(anonymous_1)","decl":{"start":{"line":12,"column":25},"end":{"line":12,"column":26}},"loc":{"start":{"line":12,"column":38},"end":{"line":18,"column":3}},"line":12},"2":{"name":"(anonymous_2)","decl":{"start":{"line":20,"column":25},"end":{"line":20,"column":26}},"loc":{"start":{"line":20,"column":36},"end":{"line":28,"column":3}},"line":20},"3":{"name":"(anonymous_3)","decl":{"start":{"line":30,"column":28},"end":{"line":30,"column":29}},"loc":{"start":{"line":30,"column":45},"end":{"line":39,"column":3}},"line":30},"4":{"name":"(anonymous_4)","decl":{"start":{"line":41,"column":28},"end":{"line":41,"column":29}},"loc":{"start":{"line":41,"column":39},"end":{"line":44,"column":3}},"line":41},"5":{"name":"(anonymous_5)","decl":{"start":{"line":46,"column":30},"end":{"line":46,"column":31}},"loc":{"start":{"line":46,"column":42},"end":{"line":66,"column":3}},"line":46},"6":{"name":"(anonymous_6)","decl":{"start":{"line":96,"column":32},"end":{"line":96,"column":33}},"loc":{"start":{"line":97,"column":18},"end":{"line":149,"column":30}},"line":97},"7":{"name":"(anonymous_7)","decl":{"start":{"line":134,"column":35},"end":{"line":134,"column":36}},"loc":{"start":{"line":134,"column":41},"end":{"line":134,"column":65}},"line":134},"8":{"name":"(anonymous_8)","decl":{"start":{"line":142,"column":35},"end":{"line":142,"column":36}},"loc":{"start":{"line":142,"column":41},"end":{"line":142,"column":65}},"line":142},"9":{"name":"(anonymous_9)","decl":{"start":{"line":158,"column":46},"end":{"line":158,"column":47}},"loc":{"start":{"line":158,"column":52},"end":{"line":158,"column":78}},"line":158},"10":{"name":"(anonymous_10)","decl":{"start":{"line":171,"column":40},"end":{"line":171,"column":41}},"loc":{"start":{"line":171,"column":46},"end":{"line":171,"column":72}},"line":171},"11":{"name":"(anonymous_11)","decl":{"start":{"line":178,"column":45},"end":{"line":178,"column":46}},"loc":{"start":{"line":178,"column":51},"end":{"line":178,"column":76}},"line":178},"12":{"name":"(anonymous_12)","decl":{"start":{"line":190,"column":40},"end":{"line":190,"column":41}},"loc":{"start":{"line":190,"column":46},"end":{"line":190,"column":71}},"line":190}},"branchMap":{"0":{"loc":{"start":{"line":13,"column":4},"end":{"line":13,"column":30}},"type":"if","locations":[{"start":{"line":13,"column":4},"end":{"line":13,"column":30}},{"start":{},"end":{}}],"line":13},"1":{"loc":{"start":{"line":14,"column":4},"end":{"line":14,"column":54}},"type":"if","locations":[{"start":{"line":14,"column":4},"end":{"line":14,"column":54}},{"start":{},"end":{}}],"line":14},"2":{"loc":{"start":{"line":21,"column":4},"end":{"line":27,"column":5}},"type":"if","locations":[{"start":{"line":21,"column":4},"end":{"line":27,"column":5}},{"start":{"line":23,"column":11},"end":{"line":27,"column":5}}],"line":21},"3":{"loc":{"start":{"line":23,"column":11},"end":{"line":27,"column":5}},"type":"if","locations":[{"start":{"line":23,"column":11},"end":{"line":27,"column":5}},{"start":{"line":25,"column":11},"end":{"line":27,"column":5}}],"line":23},"4":{"loc":{"start":{"line":47,"column":4},"end":{"line":47,"column":31}},"type":"if","locations":[{"start":{"line":47,"column":4},"end":{"line":47,"column":31}},{"start":{},"end":{}}],"line":47},"5":{"loc":{"start":{"line":53,"column":26},"end":{"line":53,"column":90}},"type":"binary-expr","locations":[{"start":{"line":53,"column":26},"end":{"line":53,"column":84}},{"start":{"line":53,"column":88},"end":{"line":53,"column":90}}],"line":53},"6":{"loc":{"start":{"line":57,"column":6},"end":{"line":62,"column":7}},"type":"if","locations":[{"start":{"line":57,"column":6},"end":{"line":62,"column":7}},{"start":{},"end":{}}],"line":57},"7":{"loc":{"start":{"line":58,"column":8},"end":{"line":58,"column":46}},"type":"binary-expr","locations":[{"start":{"line":58,"column":8},"end":{"line":58,"column":16}},{"start":{"line":58,"column":20},"end":{"line":58,"column":46}}],"line":58},"8":{"loc":{"start":{"line":61,"column":8},"end":{"line":61,"column":32}},"type":"binary-expr","locations":[{"start":{"line":61,"column":8},"end":{"line":61,"column":17}},{"start":{"line":61,"column":21},"end":{"line":61,"column":32}}],"line":61},"9":{"loc":{"start":{"line":68,"column":2},"end":{"line":76,"column":3}},"type":"if","locations":[{"start":{"line":68,"column":2},"end":{"line":76,"column":3}},{"start":{},"end":{}}],"line":68},"10":{"loc":{"start":{"line":68,"column":6},"end":{"line":68,"column":44}},"type":"binary-expr","locations":[{"start":{"line":68,"column":6},"end":{"line":68,"column":17}},{"start":{"line":68,"column":21},"end":{"line":68,"column":44}}],"line":68},"11":{"loc":{"start":{"line":105,"column":25},"end":{"line":107,"column":25}},"type":"binary-expr","locations":[{"start":{"line":105,"column":25},"end":{"line":105,"column":47}},{"start":{"line":106,"column":26},"end":{"line":106,"column":89}}],"line":105},"12":{"loc":{"start":{"line":108,"column":25},"end":{"line":110,"column":25}},"type":"binary-expr","locations":[{"start":{"line":108,"column":25},"end":{"line":108,"column":48}},{"start":{"line":109,"column":26},"end":{"line":109,"column":94}}],"line":108},"13":{"loc":{"start":{"line":127,"column":23},"end":{"line":127,"column":99}},"type":"cond-expr","locations":[{"start":{"line":127,"column":43},"end":{"line":127,"column":91}},{"start":{"line":127,"column":94},"end":{"line":127,"column":99}}],"line":127},"14":{"loc":{"start":{"line":163,"column":11},"end":{"line":168,"column":11}},"type":"binary-expr","locations":[{"start":{"line":163,"column":11},"end":{"line":163,"column":24}},{"start":{"line":164,"column":12},"end":{"line":167,"column":14}}],"line":163}},"s":{"0":0,"1":0,"2":0,"3":0,"4":0,"5":0,"6":0,"7":0,"8":0,"9":0,"10":0,"11":0,"12":0,"13":0,"14":0,"15":0,"16":0,"17":0,"18":0,"19":0,"20":0,"21":0,"22":0,"23":0,"24":0,"25":0,"26":0,"27":0,"28":0,"29":0,"30":0,"31":0,"32":0,"33":0,"34":0,"35":0,"36":0,"37":0,"38":0,"39":0,"40":0,"41":0,"42":0,"43":0,"44":0,"45":0,"46":0,"47":0,"48":0,"49":0},"f":{"0":0,"1":0,"2":0,"3":0,"4":0,"5":0,"6":0,"7":0,"8":0,"9":0,"10":0,"11":0,"12":0},"b":{"0":[0,0],"1":[0,0],"2":[0,0],"3":[0,0],"4":[0,0],"5":[0,0],"6":[0,0],"7":[0,0],"8":[0,0],"9":[0,0],"10":[0,0],"11":[0,0],"12":[0,0],"13":[0,0],"14":[0,0]}}
,"/home/runner/work/newapp/newapp/app/javascript/controllers/application.js": {"path":"/home/runner/work/newapp/newapp/app/javascript/controllers/application.js","statementMap":{"0":{"start":{"line":3,"column":20},"end":{"line":3,"column":39}},"1":{"start":{"line":6,"column":0},"end":{"line":6,"column":25}},"2":{"start":{"line":7,"column":0},"end":{"line":7,"column":31}}},"fnMap":{},"branchMap":{},"s":{"0":0,"1":0,"2":0},"f":{},"b":{}}
,"/home/runner/work/newapp/newapp/app/javascript/controllers/hello_controller.js": {"path":"/home/runner/work/newapp/newapp/app/javascript/controllers/hello_controller.js","statementMap":{"0":{"start":{"line":5,"column":4},"end":{"line":5,"column":45}}},"fnMap":{"0":{"name":"(anonymous_0)","decl":{"start":{"line":4,"column":2},"end":{"line":4,"column":3}},"loc":{"start":{"line":4,"column":12},"end":{"line":6,"column":3}},"line":4}},"branchMap":{},"s":{"0":0},"f":{"0":0},"b":{}}
}
