TN:
SF:app/javascript/application.js
FNF:0
FNH:0
LF:0
LH:0
BRF:0
BRH:0
end_of_record
TN:
SF:app/javascript/components/App.jsx
FN:4,(anonymous_0)
FNF:1
FNH:0
FNDA:0,(anonymous_0)
DA:4,0
LF:1
LH:0
BRF:0
BRH:0
end_of_record
TN:
SF:app/javascript/components/Home.jsx
FN:5,(anonymous_0)
FNF:1
FNH:1
FNDA:3,(anonymous_0)
DA:6,3
LF:1
LH:1
BRF:0
BRH:0
end_of_record
TN:
SF:app/javascript/components/tests/TestCaseDetails.jsx
FN:5,(anonymous_0)
FN:9,(anonymous_1)
FN:14,(anonymous_2)
FN:34,(anonymous_3)
FN:39,(anonymous_4)
FN:48,(anonymous_5)
FN:107,(anonymous_6)
FN:136,(anonymous_7)
FN:152,(anonymous_8)
FN:194,(anonymous_9)
FNF:10
FNH:0
FNDA:0,(anonymous_0)
FNDA:0,(anonymous_1)
FNDA:0,(anonymous_2)
FNDA:0,(anonymous_3)
FNDA:0,(anonymous_4)
FNDA:0,(anonymous_5)
FNDA:0,(anonymous_6)
FNDA:0,(anonymous_7)
FNDA:0,(anonymous_8)
FNDA:0,(anonymous_9)
DA:5,0
DA:6,0
DA:7,0
DA:9,0
DA:10,0
DA:11,0
DA:14,0
DA:15,0
DA:23,0
DA:24,0
DA:26,0
DA:34,0
DA:35,0
DA:36,0
DA:39,0
DA:40,0
DA:48,0
DA:49,0
DA:52,0
DA:55,0
DA:57,0
DA:108,0
DA:136,0
DA:152,0
DA:194,0
LF:25
LH:0
BRDA:10,0,0,0
BRDA:10,0,1,0
BRDA:23,1,0,0
BRDA:23,1,1,0
BRDA:49,2,0,0
BRDA:49,2,1,0
BRDA:125,3,0,0
BRDA:125,3,1,0
BRDA:132,4,0,0
BRDA:132,4,1,0
BRDA:132,4,2,0
BRDA:132,4,3,0
BRDA:157,5,0,0
BRDA:157,5,1,0
BRDA:173,6,0,0
BRDA:173,6,1,0
BRDA:179,7,0,0
BRDA:179,7,1,0
BRF:18
BRH:0
end_of_record
TN:
SF:app/javascript/components/tests/TestDashboard.jsx
FN:8,(anonymous_0)
FN:14,(anonymous_1)
FN:35,(anonymous_2)
FN:41,(anonymous_3)
FN:46,(anonymous_4)
FN:47,(anonymous_5)
FN:47,(anonymous_6)
FN:52,(anonymous_7)
FN:53,(anonymous_8)
FNF:9
FNH:5
FNDA:6,(anonymous_0)
FNDA:4,(anonymous_1)
FNDA:1,(anonymous_2)
FNDA:0,(anonymous_3)
FNDA:0,(anonymous_4)
FNDA:0,(anonymous_5)
FNDA:0,(anonymous_6)
FNDA:3,(anonymous_7)
FNDA:3,(anonymous_8)
DA:8,1
DA:9,6
DA:10,6
DA:11,6
DA:12,6
DA:14,6
DA:15,4
DA:16,4
DA:21,3
DA:22,3
DA:23,3
DA:26,3
DA:27,3
DA:28,3
DA:31,0
DA:35,6
DA:36,1
DA:37,1
DA:38,1
DA:41,6
DA:43,0
DA:46,6
DA:47,0
DA:49,0
DA:52,6
DA:53,3
DA:54,3
DA:55,2
DA:58,3
DA:61,6
DA:62,3
DA:70,3
LF:32
LH:28
BRDA:21,0,0,3
BRDA:21,0,1,0
BRDA:26,1,0,3
BRDA:26,1,1,0
BRDA:61,2,0,3
BRDA:61,2,1,3
BRDA:79,3,0,1
BRDA:79,3,1,2
BRDA:97,4,0,3
BRDA:97,4,1,3
BRF:10
BRH:8
end_of_record
TN:
SF:app/javascript/components/tests/TestImport.jsx
FN:5,(anonymous_0)
FN:11,(anonymous_1)
FN:17,(anonymous_2)
FNF:3
FNH:3
FNDA:15,(anonymous_0)
FNDA:4,(anonymous_1)
FNDA:3,(anonymous_2)
DA:5,1
DA:6,15
DA:7,15
DA:8,15
DA:9,15
DA:11,15
DA:12,4
DA:13,4
DA:14,4
DA:17,15
DA:18,3
DA:19,0
DA:20,0
DA:21,0
DA:24,3
DA:25,3
DA:27,3
DA:28,3
DA:30,3
DA:31,3
DA:39,2
DA:41,2
DA:42,1
DA:43,1
DA:44,1
DA:46,1
DA:47,1
DA:49,1
DA:50,1
DA:53,1
DA:54,1
DA:57,0
DA:58,0
DA:60,2
DA:64,15
LF:35
LH:30
BRDA:18,0,0,0
BRDA:18,0,1,3
BRDA:35,1,0,3
BRDA:35,1,1,0
BRDA:41,2,0,1
BRDA:41,2,1,1
BRDA:47,3,0,1
BRDA:47,3,1,0
BRDA:49,4,0,1
BRDA:49,4,1,0
BRDA:53,5,0,1
BRDA:53,5,1,0
BRDA:87,6,0,15
BRDA:87,6,1,2
BRDA:90,7,0,1
BRDA:90,7,1,1
BRDA:102,8,0,15
BRDA:102,8,1,8
BRDA:106,9,0,3
BRDA:106,9,1,12
BRF:20
BRH:15
end_of_record
TN:
SF:app/javascript/components/tests/TestStatistics.jsx
FN:26,(anonymous_0)
FN:75,(anonymous_1)
FN:79,(anonymous_2)
FN:84,(anonymous_3)
FN:89,(anonymous_4)
FNF:5
FNH:5
FNDA:5,(anonymous_0)
FNDA:6,(anonymous_1)
FNDA:6,(anonymous_2)
FNDA:6,(anonymous_3)
FNDA:6,(anonymous_4)
DA:16,1
DA:26,1
DA:27,5
DA:36,4
DA:39,4
DA:59,4
DA:73,4
DA:74,4
DA:75,6
DA:79,6
DA:84,6
DA:89,6
DA:95,4
DA:116,4
LF:14
LH:14
BRDA:27,0,0,1
BRDA:27,0,1,4
BRDA:73,1,0,4
BRDA:73,1,1,0
BRDA:148,2,0,4
BRDA:148,2,1,3
BRDA:156,3,0,3
BRDA:156,3,1,2
BRF:8
BRH:7
end_of_record
TN:
SF:app/javascript/components/tests/TestSuitesList.jsx
FN:6,(anonymous_0)
FN:12,(anonymous_1)
FN:20,(anonymous_2)
FN:30,(anonymous_3)
FN:41,(anonymous_4)
FN:46,(anonymous_5)
FN:96,(anonymous_6)
FN:134,(anonymous_7)
FN:142,(anonymous_8)
FN:158,(anonymous_9)
FN:171,(anonymous_10)
FN:178,(anonymous_11)
FN:190,(anonymous_12)
FNF:13
FNH:0
FNDA:0,(anonymous_0)
FNDA:0,(anonymous_1)
FNDA:0,(anonymous_2)
FNDA:0,(anonymous_3)
FNDA:0,(anonymous_4)
FNDA:0,(anonymous_5)
FNDA:0,(anonymous_6)
FNDA:0,(anonymous_7)
FNDA:0,(anonymous_8)
FNDA:0,(anonymous_9)
FNDA:0,(anonymous_10)
FNDA:0,(anonymous_11)
FNDA:0,(anonymous_12)
DA:6,0
DA:7,0
DA:8,0
DA:9,0
DA:10,0
DA:12,0
DA:13,0
DA:14,0
DA:15,0
DA:16,0
DA:17,0
DA:20,0
DA:21,0
DA:22,0
DA:23,0
DA:24,0
DA:26,0
DA:30,0
DA:31,0
DA:32,0
DA:33,0
DA:34,0
DA:35,0
DA:37,0
DA:41,0
DA:42,0
DA:43,0
DA:46,0
DA:47,0
DA:49,0
DA:50,0
DA:57,0
DA:58,0
DA:59,0
DA:60,0
DA:61,0
DA:64,0
DA:68,0
DA:69,0
DA:78,0
DA:97,0
DA:134,0
DA:142,0
DA:158,0
DA:171,0
DA:178,0
DA:190,0
LF:47
LH:0
BRDA:13,0,0,0
BRDA:13,0,1,0
BRDA:14,1,0,0
BRDA:14,1,1,0
BRDA:21,2,0,0
BRDA:21,2,1,0
BRDA:23,3,0,0
BRDA:23,3,1,0
BRDA:47,4,0,0
BRDA:47,4,1,0
BRDA:53,5,0,0
BRDA:53,5,1,0
BRDA:57,6,0,0
BRDA:57,6,1,0
BRDA:58,7,0,0
BRDA:58,7,1,0
BRDA:61,8,0,0
BRDA:61,8,1,0
BRDA:68,9,0,0
BRDA:68,9,1,0
BRDA:68,10,0,0
BRDA:68,10,1,0
BRDA:105,11,0,0
BRDA:105,11,1,0
BRDA:108,12,0,0
BRDA:108,12,1,0
BRDA:127,13,0,0
BRDA:127,13,1,0
BRDA:163,14,0,0
BRDA:163,14,1,0
BRF:30
BRH:0
end_of_record
TN:
SF:app/javascript/controllers/application.js
FNF:0
FNH:0
DA:3,0
DA:6,0
DA:7,0
LF:3
LH:0
BRF:0
BRH:0
end_of_record
TN:
SF:app/javascript/controllers/hello_controller.js
FN:4,(anonymous_0)
FNF:1
FNH:0
FNDA:0,(anonymous_0)
DA:5,0
LF:1
LH:0
BRF:0
BRH:0
end_of_record
